  Restarted Games 2.cpp
C:\Users\Frank\OneDrive\Uni Work Year 1\CO1301- Games Concepts\Restart games 2\Restarted Games 2\Restarted Games 2.cpp(268,49): warning C4244: 'argument': conversion from 'const float' to 'int', possible loss of data
C:\Users\Frank\OneDrive\Uni Work Year 1\CO1301- Games Concepts\Restart games 2\Restarted Games 2\Restarted Games 2.cpp(268,42): warning C4244: 'argument': conversion from 'const float' to 'int', possible loss of data
C:\Users\Frank\OneDrive\Uni Work Year 1\CO1301- Games Concepts\Restart games 2\Restarted Games 2\Restarted Games 2.cpp(283,27): warning C4244: '=': conversion from 'float' to 'int', possible loss of data
C:\Users\Frank\OneDrive\Uni Work Year 1\CO1301- Games Concepts\Restart games 2\Restarted Games 2\Restarted Games 2.cpp(295,30): warning C4244: 'argument': conversion from 'const float' to 'int', possible loss of data
C:\Users\Frank\OneDrive\Uni Work Year 1\CO1301- Games Concepts\Restart games 2\Restarted Games 2\Restarted Games 2.cpp(295,23): warning C4244: 'argument': conversion from 'const float' to 'int', possible loss of data
C:\Users\Frank\OneDrive\Uni Work Year 1\CO1301- Games Concepts\Restart games 2\Restarted Games 2\Restarted Games 2.cpp(297,30): warning C4244: 'argument': conversion from 'const float' to 'int', possible loss of data
C:\Users\Frank\OneDrive\Uni Work Year 1\CO1301- Games Concepts\Restart games 2\Restarted Games 2\Restarted Games 2.cpp(297,23): warning C4244: 'argument': conversion from 'const float' to 'int', possible loss of data
C:\Users\Frank\OneDrive\Uni Work Year 1\CO1301- Games Concepts\Restart games 2\Restarted Games 2\Restarted Games 2.cpp(299,30): warning C4244: 'argument': conversion from 'const float' to 'int', possible loss of data
C:\Users\Frank\OneDrive\Uni Work Year 1\CO1301- Games Concepts\Restart games 2\Restarted Games 2\Restarted Games 2.cpp(299,23): warning C4244: 'argument': conversion from 'const float' to 'int', possible loss of data
C:\Users\Frank\OneDrive\Uni Work Year 1\CO1301- Games Concepts\Restart games 2\Restarted Games 2\Restarted Games 2.cpp(306,31): warning C4244: 'argument': conversion from 'const float' to 'int', possible loss of data
C:\Users\Frank\OneDrive\Uni Work Year 1\CO1301- Games Concepts\Restart games 2\Restarted Games 2\Restarted Games 2.cpp(306,24): warning C4244: 'argument': conversion from 'const float' to 'int', possible loss of data
C:\Users\Frank\OneDrive\Uni Work Year 1\CO1301- Games Concepts\Restart games 2\Restarted Games 2\Restarted Games 2.cpp(307,83): warning C4244: 'argument': conversion from 'const float' to 'int', possible loss of data
C:\Users\Frank\OneDrive\Uni Work Year 1\CO1301- Games Concepts\Restart games 2\Restarted Games 2\Restarted Games 2.cpp(307,60): warning C4244: 'argument': conversion from 'float' to 'int', possible loss of data
C:\Users\Frank\OneDrive\Uni Work Year 1\CO1301- Games Concepts\Restart games 2\Restarted Games 2\Restarted Games 2.cpp(333,112): warning C4244: 'argument': conversion from 'const float' to 'int', possible loss of data
C:\Users\Frank\OneDrive\Uni Work Year 1\CO1301- Games Concepts\Restart games 2\Restarted Games 2\Restarted Games 2.cpp(333,84): warning C4244: 'argument': conversion from 'float' to 'int', possible loss of data
C:\Users\Frank\OneDrive\Uni Work Year 1\CO1301- Games Concepts\Restart games 2\Restarted Games 2\Restarted Games 2.cpp(339,64): warning C4244: 'argument': conversion from 'const float' to 'int', possible loss of data
C:\Users\Frank\OneDrive\Uni Work Year 1\CO1301- Games Concepts\Restart games 2\Restarted Games 2\Restarted Games 2.cpp(339,37): warning C4244: 'argument': conversion from 'float' to 'int', possible loss of data
C:\Users\Frank\OneDrive\Uni Work Year 1\CO1301- Games Concepts\Restart games 2\Restarted Games 2\Restarted Games 2.cpp(411,14): warning C4244: 'initializing': conversion from 'double' to 'int', possible loss of data
C:\Users\Frank\OneDrive\Uni Work Year 1\CO1301- Games Concepts\Restart games 2\Restarted Games 2\Restarted Games 2.cpp(412,89): warning C4244: 'argument': conversion from 'const float' to 'int', possible loss of data
C:\Users\Frank\OneDrive\Uni Work Year 1\CO1301- Games Concepts\Restart games 2\Restarted Games 2\Restarted Games 2.cpp(412,66): warning C4244: 'argument': conversion from 'float' to 'int', possible loss of data
C:\Users\Frank\OneDrive\Uni Work Year 1\CO1301- Games Concepts\Restart games 2\Restarted Games 2\Restarted Games 2.cpp(506,71): warning C4244: 'argument': conversion from 'const float' to 'int', possible loss of data
C:\Users\Frank\OneDrive\Uni Work Year 1\CO1301- Games Concepts\Restart games 2\Restarted Games 2\Restarted Games 2.cpp(506,45): warning C4244: 'argument': conversion from 'float' to 'int', possible loss of data
C:\Users\Frank\OneDrive\Uni Work Year 1\CO1301- Games Concepts\Restart games 2\Restarted Games 2\Restarted Games 2.cpp(508,51): warning C4244: 'argument': conversion from 'const float' to 'int', possible loss of data
C:\Users\Frank\OneDrive\Uni Work Year 1\CO1301- Games Concepts\Restart games 2\Restarted Games 2\Restarted Games 2.cpp(508,44): warning C4244: 'argument': conversion from 'const float' to 'int', possible loss of data
C:\Users\Frank\OneDrive\Uni Work Year 1\CO1301- Games Concepts\Restart games 2\Restarted Games 2\Restarted Games 2.cpp(526,45): warning C4244: '+=': conversion from 'float' to 'int', possible loss of data
C:\Users\Frank\OneDrive\Uni Work Year 1\CO1301- Games Concepts\Restart games 2\Restarted Games 2\Restarted Games 2.cpp(527,45): warning C4244: '+=': conversion from 'float' to 'int', possible loss of data
C:\Users\Frank\OneDrive\Uni Work Year 1\CO1301- Games Concepts\Restart games 2\Restarted Games 2\Restarted Games 2.cpp(572,14): warning C4244: 'initializing': conversion from 'double' to 'float', possible loss of data
  Restarted Games 2.vcxproj -> C:\Users\Frank\OneDrive\Uni Work Year 1\CO1301- Games Concepts\Restart games 2\Restarted Games 2\Restarted Games 2Debug.exe
